<?xml version="1.0" encoding="UTF-8"?>
<!-- Generated by org.testng.reporters.JUnitReportReporter -->
<testsuite skipped="0" hostname="DESKTOP-TJSJQ0I" name="FrameworkImplementation.SigninPage_Pom_TestNG" tests="1" failures="0" timestamp="9 Jul 2021 00:02:08 GMT" time="13.434" errors="0">
  <testcase name="Test" time="13.434" classname="FrameworkImplementation.SigninPage_Pom_TestNG"/>
</testsuite> <!-- FrameworkImplementation.SigninPage_Pom_TestNG -->
